<?xml version="1.0" encoding="UTF-8"?>
<!-- Generated by org.testng.reporters.JUnitXMLReporter -->
<testsuite hostname="DESKTOP-IF51B0T" ignored="12" tests="0" failures="0" timestamp="11 Aug 2020 14:20:53 GMT" time="0.01" errors="0">
  <testcase name="testcase1" time="0.0" classname="com.testNG.ParallelExecution1">
    <ignored/>
  </testcase> <!-- testcase1 -->
  <testcase name="testcase2" time="0.0" classname="com.testNG.MyFirst_TestCase">
    <ignored/>
  </testcase> <!-- testcase2 -->
  <testcase name="testcase3" time="0.0" classname="com.testNG.ParallelExecution1">
    <ignored/>
  </testcase> <!-- testcase3 -->
  <testcase name="testcase3" time="0.0" classname="com.testNG.MyFirst_TestCase">
    <ignored/>
  </testcase> <!-- testcase3 -->
  <testcase name="testcase3" time="0.0" classname="com.testNG.Priorty_Testcase">
    <ignored/>
  </testcase> <!-- testcase3 -->
  <testcase name="testcase1" time="0.0" classname="com.testNG.Priorty_Testcase">
    <ignored/>
  </testcase> <!-- testcase1 -->
  <testcase name="testcase2" time="0.0" classname="com.testNG.Priorty_Testcase">
    <ignored/>
  </testcase> <!-- testcase2 -->
  <testcase name="testcase1" time="0.0" classname="com.testNG.MyFirst_TestCase">
    <ignored/>
  </testcase> <!-- testcase1 -->
  <testcase name="testcase2" time="0.0" classname="com.testNG.ParallelExecution1">
    <ignored/>
  </testcase> <!-- testcase2 -->
  <testcase name="testcase4" time="0.0" classname="com.testNG.ParallelExecution2">
    <ignored/>
  </testcase> <!-- testcase4 -->
  <testcase name="testcase5" time="0.0" classname="com.testNG.ParallelExecution2">
    <ignored/>
  </testcase> <!-- testcase5 -->
  <testcase name="testcase6" time="0.0" classname="com.testNG.ParallelExecution2">
    <ignored/>
  </testcase> <!-- testcase6 -->
</testsuite>
