<?xml version="1.0" encoding="UTF-8"?>
<testng-results skipped="0" failed="0" ignored="0" total="1" passed="1">
  <reporter-output>
  </reporter-output>
  <suite name="Default suite" duration-ms="55282" started-at="2020-08-14T15:06:09Z" finished-at="2020-08-14T15:07:05Z">
    <groups>
    </groups>
    <test name="Default test" duration-ms="55282" started-at="2020-08-14T15:06:09Z" finished-at="2020-08-14T15:07:05Z">
      <class name="com.org.DataDrivenFrameWork.ExcelLogin">
        <test-method status="PASS" signature="login()[pri:0, instance:com.org.DataDrivenFrameWork.ExcelLogin@77caeb3e]" name="login" duration-ms="55229" started-at="2020-08-14T15:06:09Z" finished-at="2020-08-14T15:07:05Z">
          <reporter-output>
          </reporter-output>
        </test-method> <!-- login -->
      </class> <!-- com.org.DataDrivenFrameWork.ExcelLogin -->
    </test> <!-- Default test -->
  </suite> <!-- Default suite -->
</testng-results>
